error: unhandledRejection: TypeError: updatePlayerRepositorie is not a function [2019-06-21T11:35:34.389Z]
error: unhandledRejection: TypeError: updatePlayerRepositorie is not a function [2019-06-21T11:37:54.907Z]
error: unhandledRejection: ReferenceError: next is not defined [2019-06-21T12:03:54.872Z]
error: unhandledRejection: ReferenceError: next is not defined [2019-06-21T12:04:04.565Z]
error: unhandledRejection: ReferenceError: next is not defined [2019-06-21T12:04:07.480Z]
error: unhandledRejection: ReferenceError: next is not defined [2019-06-21T12:04:27.076Z]
error: unhandledRejection: ReferenceError: next is not defined [2019-06-21T12:04:47.416Z]
error: unhandledRejection: TypeError: Cannot read property 'deletedAt' of null [2019-06-21T12:06:42.382Z]
error: unhandledRejection: TypeError: Cannot read property 'sport' of null [2019-06-21T12:29:37.466Z]
error: unhandledRejection: TypeError: Cannot read property 'role' of null [2019-06-22T00:08:27.875Z]
error: unhandledRejection: TypeError: "roberTo@gmail.com".test is not a function [2019-06-22T03:00:27.762Z]
error: unhandledRejection: TypeError: Cannot read property 'test' of undefined [2019-06-22T03:01:51.511Z]
error: unhandledRejection: TypeError: payload.test is not a function [2019-06-22T09:03:16.629Z]
error: unhandledRejection: TypeError: payload.test is not a function [2019-06-22T09:04:33.757Z]
error: unhandledRejection: TypeError: payload.test is not a function [2019-06-22T09:10:41.787Z]
error: uncaughtException: Unexpected identifier [2019-06-22T09:11:47.680Z]
error: unhandledRejection: TypeError: payload[k].test is not a function [2019-06-22T09:12:54.956Z]
error: unhandledRejection: TypeError: payload.test is not a function [2019-06-22T09:13:29.651Z]
error: unhandledRejection: AssertionError [ERR_ASSERTION]: pattern should not use global or sticky mode [2019-06-22T10:00:20.062Z]
error: uncaughtException: Missing catch or finally after try [2019-06-22T10:00:44.592Z]
error: unhandledRejection: TypeError: Cannot read property 'map' of undefined [2019-06-22T10:01:20.461Z]
error: unhandledRejection: TypeError: Cannot read property 'map' of undefined [2019-06-22T10:02:03.838Z]
error: unhandledRejection: TypeError: Cannot read property 'map' of undefined [2019-06-22T10:02:20.818Z]
error: uncaughtException: pattern should not use global or sticky mode [2019-06-22T10:27:14.663Z]
error: uncaughtException: pattern should not use global or sticky mode [2019-06-22T10:28:01.688Z]
error: uncaughtException: pattern should not use global or sticky mode [2019-06-22T10:28:19.315Z]
error: uncaughtException: pattern should not use global or sticky mode [2019-06-22T10:28:37.524Z]
error: unhandledRejection: TypeError: Cannot read property 'role' of null [2019-06-22T11:27:28.509Z]
error: unhandledRejection: TypeError: next is not a function [2019-06-22T12:15:59.970Z]
error: unhandledRejection: TypeError: next is not a function [2019-06-22T12:17:14.058Z]
error: unhandledRejection: TypeError: Cannot destructure property `status` of 'undefined' or 'null'. [2019-06-22T12:19:00.891Z]
error: unhandledRejection: TypeError: Cannot destructure property `status` of 'undefined' or 'null'. [2019-06-22T12:19:19.083Z]
error: unhandledRejection: TypeError: Cannot destructure property `status` of 'undefined' or 'null'. [2019-06-22T12:20:48.096Z]
error: unhandledRejection: TypeError: Cannot read property 'map' of undefined [2019-06-22T12:22:55.537Z]
error: unhandledRejection: TypeError: Cannot destructure property `status` of 'undefined' or 'null'. [2019-06-22T12:22:56.958Z]
